<?xml version="1.0" encoding="UTF-8"?>
<testng-results skipped="0" failed="0" ignored="0" total="1" passed="1">
  <reporter-output>
  </reporter-output>
  <suite name="Default suite" duration-ms="30304" started-at="2019-03-11T04:19:18Z" finished-at="2019-03-11T04:19:48Z">
    <groups>
    </groups>
    <test name="Default test" duration-ms="30304" started-at="2019-03-11T04:19:18Z" finished-at="2019-03-11T04:19:48Z">
      <class name="testBase.ExecuteTests">
        <test-method status="PASS" signature="login()[pri:0, instance:testBase.ExecuteTests@42eca56e]" name="login" duration-ms="30263" started-at="2019-03-11T04:19:18Z" finished-at="2019-03-11T04:19:48Z">
          <reporter-output>
          </reporter-output>
        </test-method> <!-- login -->
      </class> <!-- testBase.ExecuteTests -->
    </test> <!-- Default test -->
  </suite> <!-- Default suite -->
</testng-results>
